{
  "RSpec": {
    "coverage": {
      "/Users/nicolewis/turing/mod3/projects/artegee/config/environment.rb": [
        null,
        1,
        null,
        null,
        1
      ],
      "/Users/nicolewis/turing/mod3/projects/artegee/config/application.rb": [
        1,
        null,
        1,
        null,
        1,
        1,
        1,
        1,
        1,
        1,
        1,
        1,
        null,
        null,
        null,
        null,
        1,
        null,
        1,
        1,
        null,
        1,
        null,
        null,
        null,
        null,
        null,
        null,
        1,
        1,
        null,
        null
      ],
      "/Users/nicolewis/turing/mod3/projects/artegee/config/boot.rb": [
        1,
        null,
        1
      ],
      "/Users/nicolewis/turing/mod3/projects/artegee/config/environments/test.rb": [
        1,
        null,
        null,
        null,
        null,
        null,
        null,
        1,
        null,
        null,
        null,
        null,
        1,
        null,
        null,
        1,
        1,
        null,
        null,
        null,
        null,
        1,
        1,
        null,
        null,
        1,
        null,
        null,
        1,
        1,
        null,
        null,
        null,
        null,
        1,
        null,
        null,
        1,
        null,
        null,
        null,
        null
      ],
      "/Users/nicolewis/turing/mod3/projects/artegee/config/initializers/application_controller_renderer.rb": [
        null,
        null,
        null,
        null,
        null,
        null,
        null,
        null
      ],
      "/Users/nicolewis/turing/mod3/projects/artegee/config/initializers/assets.rb": [
        null,
        null,
        null,
        1,
        null,
        null,
        null,
        null,
        1,
        null,
        null,
        null,
        null,
        null
      ],
      "/Users/nicolewis/turing/mod3/projects/artegee/config/initializers/backtrace_silencers.rb": [
        null,
        null,
        null,
        null,
        null,
        null,
        null
      ],
      "/Users/nicolewis/turing/mod3/projects/artegee/config/initializers/cookies_serializer.rb": [
        null,
        null,
        null,
        null,
        1
      ],
      "/Users/nicolewis/turing/mod3/projects/artegee/config/initializers/filter_parameter_logging.rb": [
        null,
        null,
        null,
        1
      ],
      "/Users/nicolewis/turing/mod3/projects/artegee/config/initializers/inflections.rb": [
        null,
        null,
        null,
        null,
        null,
        null,
        null,
        null,
        null,
        null,
        null,
        null,
        null,
        null,
        null,
        null
      ],
      "/Users/nicolewis/turing/mod3/projects/artegee/config/initializers/mime_types.rb": [
        null,
        null,
        null,
        null
      ],
      "/Users/nicolewis/turing/mod3/projects/artegee/config/initializers/paperclip.rb": [
        1,
        1,
        1
      ],
      "/Users/nicolewis/turing/mod3/projects/artegee/config/initializers/wrap_parameters.rb": [
        null,
        null,
        null,
        null,
        null,
        null,
        1,
        2,
        null,
        null,
        null,
        null,
        null,
        null
      ],
      "/Users/nicolewis/turing/mod3/projects/artegee/spec/factories/artists.rb": [
        1,
        1,
        1,
        1,
        1,
        1,
        1,
        1,
        1,
        1,
        null,
        null
      ],
      "/Users/nicolewis/turing/mod3/projects/artegee/spec/factories/artworks.rb": [
        1,
        1,
        1,
        1,
        1,
        1,
        1,
        null,
        null
      ],
      "/Users/nicolewis/turing/mod3/projects/artegee/spec/factories/posts.rb": [
        1,
        1,
        1,
        1,
        null,
        null
      ],
      "/Users/nicolewis/turing/mod3/projects/artegee/spec/factories/users.rb": [
        1,
        1,
        1,
        1,
        1,
        1,
        1,
        1,
        1,
        1,
        1,
        1,
        1,
        1,
        null,
        null
      ],
      "/Users/nicolewis/turing/mod3/projects/artegee/config/routes.rb": [
        1,
        null,
        null,
        1,
        null,
        1,
        1,
        1,
        1,
        1,
        null,
        null,
        null,
        1,
        1,
        1,
        1,
        null
      ],
      "/Users/nicolewis/turing/mod3/projects/artegee/app/helpers/application_helper.rb": [
        1,
        null
      ],
      "/Users/nicolewis/turing/mod3/projects/artegee/spec/support/factory_bot.rb": [
        1,
        1,
        null
      ],
      "/Users/nicolewis/turing/mod3/projects/artegee/spec/features/registered_user_can_create_artwork_spec.rb": [
        1,
        null,
        1,
        1,
        1,
        1,
        1,
        null,
        1,
        null,
        1,
        1,
        1,
        1,
        1,
        1,
        null,
        1,
        null,
        1,
        null,
        null
      ],
      "/Users/nicolewis/turing/mod3/projects/artegee/spec/features/registered_user_can_create_post_spec.rb": [
        1,
        null,
        1,
        1,
        1,
        null,
        1,
        null,
        1,
        1,
        1,
        null,
        1,
        1,
        1,
        null,
        null,
        null
      ],
      "/Users/nicolewis/turing/mod3/projects/artegee/spec/features/registered_user_can_login_spec.rb": [
        1,
        null,
        1,
        1,
        1,
        1,
        null,
        1,
        null,
        1,
        null,
        1,
        1,
        null,
        1,
        null,
        1,
        1,
        1,
        1,
        null,
        null
      ],
      "/Users/nicolewis/turing/mod3/projects/artegee/spec/features/unregistered_user_can_signup_spec.rb": [
        1,
        null,
        1,
        1,
        1,
        null,
        1,
        1,
        null,
        null,
        1,
        null,
        1,
        null,
        null
      ],
      "/Users/nicolewis/turing/mod3/projects/artegee/spec/features/unregistered_user_canot_post_or_add_artwork_spec.rb": [
        1,
        null,
        1,
        1,
        1,
        1,
        null,
        1,
        null,
        1,
        1,
        1,
        null,
        1,
        null,
        null
      ],
      "/Users/nicolewis/turing/mod3/projects/artegee/spec/features/user_sees_art_event_information_spec.rb": [
        1,
        null,
        1,
        1,
        1,
        1,
        null,
        null,
        1,
        null,
        null
      ],
      "/Users/nicolewis/turing/mod3/projects/artegee/spec/models/artwork_spec.rb": [
        1,
        null,
        1,
        1,
        1,
        null,
        1,
        1,
        1,
        1,
        null,
        null,
        null,
        1,
        1,
        1,
        null,
        1,
        null,
        null
      ],
      "/Users/nicolewis/turing/mod3/projects/artegee/app/models/artwork.rb": [
        1,
        1,
        1,
        1,
        null
      ],
      "/Users/nicolewis/turing/mod3/projects/artegee/app/models/application_record.rb": [
        1,
        1,
        null
      ],
      "/Users/nicolewis/turing/mod3/projects/artegee/spec/models/meetup_spec.rb": [
        1,
        null,
        1,
        1,
        1,
        null,
        1,
        1,
        1,
        1,
        null,
        null
      ],
      "/Users/nicolewis/turing/mod3/projects/artegee/app/models/meetup.rb": [
        1,
        1,
        1,
        13,
        13,
        13,
        13,
        null,
        null
      ],
      "/Users/nicolewis/turing/mod3/projects/artegee/spec/models/post_spec.rb": [
        1,
        null,
        1,
        1,
        1,
        null,
        1,
        null,
        null,
        null,
        1,
        1,
        1,
        null,
        1,
        null,
        null
      ],
      "/Users/nicolewis/turing/mod3/projects/artegee/app/models/post.rb": [
        1,
        1,
        null
      ],
      "/Users/nicolewis/turing/mod3/projects/artegee/spec/models/user_spec.rb": [
        1,
        null,
        1,
        1,
        1,
        null,
        null,
        null,
        null,
        1,
        1,
        1,
        1,
        1,
        1,
        1,
        1,
        1,
        1,
        1,
        1,
        null,
        null,
        null,
        1,
        1,
        1,
        null,
        null,
        null,
        null,
        1,
        null,
        1,
        1,
        null,
        null,
        null,
        null,
        1,
        null,
        null
      ],
      "/Users/nicolewis/turing/mod3/projects/artegee/app/models/user.rb": [
        1,
        1,
        1,
        1,
        1,
        29,
        null
      ],
      "/Users/nicolewis/turing/mod3/projects/artegee/spec/presenters/meetup_presenter_spec.rb": [
        1,
        null,
        1,
        1,
        1,
        1,
        null,
        1,
        null,
        null
      ],
      "/Users/nicolewis/turing/mod3/projects/artegee/app/presenters/meetup_presenter.rb": [
        1,
        1,
        12,
        null,
        1,
        12,
        12,
        null,
        null
      ],
      "/Users/nicolewis/turing/mod3/projects/artegee/spec/requests/user_can_be_onboarded_through_typeform_spec.rb": [
        1,
        null,
        1,
        1,
        1,
        1,
        null,
        1,
        null,
        null,
        null,
        null,
        1,
        null,
        1,
        1,
        1,
        1,
        1,
        1,
        1,
        null,
        null,
        null
      ],
      "/Users/nicolewis/turing/mod3/projects/artegee/spec/services/get_meetups_info_service_spec.rb": [
        1,
        null,
        1,
        1,
        1,
        1,
        null,
        1,
        1,
        1,
        1,
        1,
        null,
        null,
        null
      ],
      "/Users/nicolewis/turing/mod3/projects/artegee/app/services/get_meetups_info_service.rb": [
        1,
        1,
        13,
        13,
        13,
        null,
        null
      ],
      "/Users/nicolewis/turing/mod3/projects/artegee/app/controllers/welcome_controller.rb": [
        1,
        1,
        4,
        4,
        null,
        null
      ],
      "/Users/nicolewis/turing/mod3/projects/artegee/app/controllers/application_controller.rb": [
        1,
        1,
        1,
        null,
        1,
        62,
        null,
        null
      ],
      "/Users/nicolewis/turing/mod3/projects/artegee/app/controllers/users_controller.rb": [
        1,
        1,
        1,
        null,
        null,
        1,
        1,
        1,
        1,
        null,
        null,
        1,
        11,
        11,
        11,
        11,
        null,
        null,
        1,
        null,
        1,
        1,
        null,
        null
      ],
      "/Users/nicolewis/turing/mod3/projects/artegee/app/controllers/artworks_controller.rb": [
        1,
        1,
        1,
        1,
        null,
        null,
        1,
        1,
        1,
        1,
        1,
        1,
        null,
        0,
        null,
        null,
        null,
        1,
        1,
        1,
        null,
        null,
        1,
        1,
        1,
        null,
        null,
        null,
        null
      ],
      "/Users/nicolewis/turing/mod3/projects/artegee/app/controllers/portfolio_controller.rb": [
        1,
        1,
        1,
        null,
        null
      ],
      "/Users/nicolewis/turing/mod3/projects/artegee/app/controllers/posts_controller.rb": [
        1,
        null,
        1,
        1,
        1,
        1,
        null,
        null,
        1,
        1,
        1,
        null,
        null
      ],
      "/Users/nicolewis/turing/mod3/projects/artegee/app/controllers/sessions_controller.rb": [
        1,
        1,
        null,
        null,
        1,
        1,
        1,
        1,
        1,
        null,
        0,
        null,
        null,
        null,
        1,
        0,
        0,
        null,
        null,
        null
      ],
      "/Users/nicolewis/turing/mod3/projects/artegee/app/controllers/onboarding_controller.rb": [
        1,
        1,
        1,
        null,
        1,
        1,
        null,
        null,
        1,
        1,
        1,
        1,
        null,
        null,
        null,
        null,
        null,
        null,
        null,
        null
      ],
      "/Users/nicolewis/turing/mod3/projects/artegee/app/presenters/onboarding_form_presenter.rb": [
        1,
        1,
        1,
        null,
        1,
        1,
        null,
        1,
        1,
        1,
        1,
        1,
        1,
        1,
        null,
        null,
        1,
        null,
        null,
        null,
        null,
        null,
        null,
        null,
        null,
        null,
        null,
        1,
        null,
        1,
        7,
        33,
        null,
        null,
        null,
        null,
        null
      ],
      "/Users/nicolewis/turing/mod3/projects/artegee/app/models/onboarding_form.rb": [
        1,
        1,
        1,
        1,
        1,
        1,
        1,
        1,
        1,
        1,
        1,
        1,
        null,
        null
      ]
    },
    "timestamp": 1519606902
  }
}
