{
  "RSpec": {
    "coverage": {
      "/Users/nicolewis/turing/mod3/projects/artegee/config/environment.rb": [
        null,
        1,
        null,
        null,
        1
      ],
      "/Users/nicolewis/turing/mod3/projects/artegee/config/application.rb": [
        1,
        null,
        1,
        null,
        1,
        1,
        1,
        1,
        1,
        1,
        1,
        1,
        null,
        null,
        null,
        null,
        1,
        null,
        1,
        1,
        null,
        1,
        null,
        null,
        null,
        null,
        null,
        null,
        1,
        1,
        null,
        null
      ],
      "/Users/nicolewis/turing/mod3/projects/artegee/config/boot.rb": [
        1,
        null,
        1
      ],
      "/Users/nicolewis/turing/mod3/projects/artegee/config/environments/test.rb": [
        1,
        null,
        null,
        null,
        null,
        null,
        null,
        1,
        null,
        null,
        null,
        null,
        1,
        null,
        null,
        1,
        1,
        null,
        null,
        null,
        null,
        1,
        1,
        null,
        null,
        1,
        null,
        null,
        1,
        1,
        null,
        null,
        null,
        null,
        1,
        null,
        null,
        1,
        null,
        null,
        null,
        null
      ],
      "/Users/nicolewis/turing/mod3/projects/artegee/config/initializers/application_controller_renderer.rb": [
        null,
        null,
        null,
        null,
        null,
        null,
        null,
        null
      ],
      "/Users/nicolewis/turing/mod3/projects/artegee/config/initializers/assets.rb": [
        null,
        null,
        null,
        1,
        null,
        null,
        null,
        null,
        1,
        null,
        null,
        null,
        null,
        null
      ],
      "/Users/nicolewis/turing/mod3/projects/artegee/config/initializers/backtrace_silencers.rb": [
        null,
        null,
        null,
        null,
        null,
        null,
        null
      ],
      "/Users/nicolewis/turing/mod3/projects/artegee/config/initializers/cookies_serializer.rb": [
        null,
        null,
        null,
        null,
        1
      ],
      "/Users/nicolewis/turing/mod3/projects/artegee/config/initializers/filter_parameter_logging.rb": [
        null,
        null,
        null,
        1
      ],
      "/Users/nicolewis/turing/mod3/projects/artegee/config/initializers/inflections.rb": [
        null,
        null,
        null,
        null,
        null,
        null,
        null,
        null,
        null,
        null,
        null,
        null,
        null,
        null,
        null,
        null
      ],
      "/Users/nicolewis/turing/mod3/projects/artegee/config/initializers/mime_types.rb": [
        null,
        null,
        null,
        null
      ],
      "/Users/nicolewis/turing/mod3/projects/artegee/config/initializers/paperclip.rb": [
        1,
        1,
        1
      ],
      "/Users/nicolewis/turing/mod3/projects/artegee/config/initializers/wrap_parameters.rb": [
        null,
        null,
        null,
        null,
        null,
        null,
        1,
        2,
        null,
        null,
        null,
        null,
        null,
        null
      ],
      "/Users/nicolewis/turing/mod3/projects/artegee/spec/factories/artists.rb": [
        1,
        1,
        1,
        1,
        1,
        1,
        1,
        1,
        1,
        1,
        null,
        null
      ],
      "/Users/nicolewis/turing/mod3/projects/artegee/spec/factories/artworks.rb": [
        1,
        1,
        1,
        1,
        1,
        1,
        1,
        null,
        null
      ],
      "/Users/nicolewis/turing/mod3/projects/artegee/spec/factories/posts.rb": [
        1,
        1,
        1,
        1,
        null,
        null
      ],
      "/Users/nicolewis/turing/mod3/projects/artegee/spec/factories/users.rb": [
        1,
        1,
        1,
        1,
        1,
        1,
        1,
        1,
        1,
        1,
        1,
        1,
        1,
        1,
        null,
        null
      ],
      "/Users/nicolewis/turing/mod3/projects/artegee/config/routes.rb": [
        1,
        null,
        null,
        1,
        null,
        1,
        1,
        1,
        1,
        1,
        null,
        null,
        null,
        1,
        1,
        1,
        1,
        null
      ],
      "/Users/nicolewis/turing/mod3/projects/artegee/app/helpers/application_helper.rb": [
        1,
        null
      ],
      "/Users/nicolewis/turing/mod3/projects/artegee/spec/support/factory_bot.rb": [
        1,
        1,
        null
      ],
      "/Users/nicolewis/turing/mod3/projects/artegee/app/models/user.rb": [
        1,
        1,
        1,
        1,
        1,
        5,
        null
      ],
      "/Users/nicolewis/turing/mod3/projects/artegee/app/models/application_record.rb": [
        1,
        1,
        null
      ],
      "/Users/nicolewis/turing/mod3/projects/artegee/app/controllers/users_controller.rb": [
        1,
        1,
        0,
        null,
        null,
        1,
        0,
        0,
        0,
        null,
        null,
        1,
        2,
        2,
        2,
        2,
        null,
        null,
        1,
        null,
        1,
        0,
        null,
        null
      ],
      "/Users/nicolewis/turing/mod3/projects/artegee/app/controllers/application_controller.rb": [
        1,
        1,
        1,
        null,
        1,
        10,
        null,
        null
      ],
      "/Users/nicolewis/turing/mod3/projects/artegee/app/models/post.rb": [
        1,
        1,
        null
      ],
      "/Users/nicolewis/turing/mod3/projects/artegee/app/presenters/meetup_presenter.rb": [
        1,
        1,
        2,
        null,
        1,
        2,
        20,
        null,
        null,
        null
      ],
      "/Users/nicolewis/turing/mod3/projects/artegee/app/services/get_meetups_info_service.rb": [
        1,
        1,
        2,
        2,
        2,
        null,
        null
      ],
      "/Users/nicolewis/turing/mod3/projects/artegee/app/models/meetup.rb": [
        1,
        1,
        1,
        20,
        20,
        20,
        20,
        null,
        null
      ],
      "/Users/nicolewis/turing/mod3/projects/artegee/app/models/artwork.rb": [
        1,
        1,
        1,
        1,
        null
      ]
    },
    "timestamp": 1519599529
  }
}
